# JRE version: OpenJDK Runtime Environment (8.0) (build 1.8.0-adoptopenjdk-_2018_05_19_00_59-b00)
# Java VM: OpenJDK 64-Bit Server VM (25.71-b00 mixed mode windows-amd64 compressed oops)
Heap:
 garbage-first heap   total 305152K, used 238592K [0x00000000c0000000, 0x00000000c0100950, 0x0000000100000000)
  region size 1024K, 122 young (124928K), 2 survivors (2048K)
 Metaspace       used 41363K, capacity 43644K, committed 44032K, reserved 1087488K
  class space    used 4362K, capacity 5076K, committed 5120K, reserved 1048576K
GC Heap History (10 events):
Event: 30.984 GC heap after
Heap after GC invocations=17 (full 0):
 garbage-first heap   total 262144K, used 143323K [0x00000000c0000000, 0x00000000c0100800, 0x0000000100000000)
  region size 1024K, 2 young (2048K), 2 survivors (2048K)
 Metaspace       used 40913K, capacity 43324K, committed 43520K, reserved 1087488K
  class space    used 4331K, capacity 5074K, committed 5120K, reserved 1048576K
}
Event: 31.663 GC heap before
{Heap before GC invocations=17 (full 0):
 garbage-first heap   total 262144K, used 218075K [0x00000000c0000000, 0x00000000c0100800, 0x0000000100000000)
  region size 1024K, 75 young (76800K), 2 survivors (2048K)
 Metaspace       used 40990K, capacity 43324K, committed 43520K, reserved 1087488K
  class space    used 4334K, capacity 5074K, committed 5120K, reserved 1048576K
Event: 31.673 GC heap after
Heap after GC invocations=18 (full 0):
 garbage-first heap   total 262144K, used 151004K [0x00000000c0000000, 0x00000000c0100800, 0x0000000100000000)
  region size 1024K, 10 young (10240K), 10 survivors (10240K)
 Metaspace       used 40990K, capacity 43324K, committed 43520K, reserved 1087488K
  class space    used 4334K, capacity 5074K, committed 5120K, reserved 1048576K
}
Event: 34387.278 GC heap before
{Heap before GC invocations=18 (full 0):
 garbage-first heap   total 262144K, used 220636K [0x00000000c0000000, 0x00000000c0100800, 0x0000000100000000)
  region size 1024K, 78 young (79872K), 10 survivors (10240K)
 Metaspace       used 41287K, capacity 43644K, committed 43776K, reserved 1087488K
  class space    used 4362K, capacity 5074K, committed 5120K, reserved 1048576K
Event: 34387.453 GC heap after
Heap after GC invocations=19 (full 0):
 garbage-first heap   total 280576K, used 197024K [0x00000000c0000000, 0x00000000c0100890, 0x0000000100000000)
  region size 1024K, 10 young (10240K), 10 survivors (10240K)
 Metaspace       used 41287K, capacity 43644K, committed 43776K, reserved 1087488K
  class space    used 4362K, capacity 5074K, committed 5120K, reserved 1048576K
}
Event: 42203.716 GC heap before
{Heap before GC invocations=20 (full 0):
 garbage-first heap   total 280576K, used 150528K [0x00000000c0000000, 0x00000000c0100890, 0x0000000100000000)
  region size 1024K, 50 young (51200K), 10 survivors (10240K)
 Metaspace       used 41219K, capacity 43484K, committed 43776K, reserved 1087488K
  class space    used 4348K, capacity 5044K, committed 5120K, reserved 1048576K
Event: 42203.851 GC heap after
Heap after GC invocations=21 (full 0):
 garbage-first heap   total 280576K, used 137728K [0x00000000c0000000, 0x00000000c0100890, 0x0000000100000000)
  region size 1024K, 7 young (7168K), 7 survivors (7168K)
 Metaspace       used 41219K, capacity 43484K, committed 43776K, reserved 1087488K
  class space    used 4348K, capacity 5044K, committed 5120K, reserved 1048576K
}
Event: 42908.595 GC heap before
{Heap before GC invocations=21 (full 0):
 garbage-first heap   total 280576K, used 143872K [0x00000000c0000000, 0x00000000c0100890, 0x0000000100000000)
  region size 1024K, 13 young (13312K), 7 survivors (7168K)
 Metaspace       used 41219K, capacity 43484K, committed 43776K, reserved 1087488K
  class space    used 4348K, capacity 5044K, committed 5120K, reserved 1048576K
Event: 42908.618 GC heap after
Heap after GC invocations=22 (full 0):
 garbage-first heap   total 280576K, used 115712K [0x00000000c0000000, 0x00000000c0100890, 0x0000000100000000)
  region size 1024K, 2 young (2048K), 2 survivors (2048K)
 Metaspace       used 41219K, capacity 43484K, committed 43776K, reserved 1087488K
  class space    used 4348K, capacity 5044K, committed 5120K, reserved 1048576K
}
Event: 56935.973 GC heap before
{Heap before GC invocations=22 (full 0):
 garbage-first heap   total 280576K, used 238592K [0x00000000c0000000, 0x00000000c0100890, 0x0000000100000000)
  region size 1024K, 122 young (124928K), 2 survivors (2048K)
 Metaspace       used 41363K, capacity 43644K, committed 44032K, reserved 1087488K
  class space    used 4362K, capacity 5076K, committed 5120K, reserved 1048576K

